1594099465510	mozrunner::runner	INFO	Running command: "C:\\Program Files\\Mozilla Firefox\\firefox.exe" "-marionette" "-foreground" "-no-remote" "-profile" "C:\\Users\\admin\\AppData\\Local\\Temp\\rust_mozprofileYoCu6d"
1594099466467	addons.webextension.doh-rollout@mozilla.org	WARN	Loading extension 'doh-rollout@mozilla.org': Reading manifest: Invalid extension permission: networkStatus
1594099466868	addons.webextension.screenshots@mozilla.org	WARN	Loading extension 'screenshots@mozilla.org': Reading manifest: Invalid extension permission: mozillaAddons
1594099466869	addons.webextension.screenshots@mozilla.org	WARN	Loading extension 'screenshots@mozilla.org': Reading manifest: Invalid extension permission: telemetry
1594099466869	addons.webextension.screenshots@mozilla.org	WARN	Loading extension 'screenshots@mozilla.org': Reading manifest: Invalid extension permission: resource://pdf.js/
1594099466869	addons.webextension.screenshots@mozilla.org	WARN	Loading extension 'screenshots@mozilla.org': Reading manifest: Invalid extension permission: about:reader*
JavaScript error: resource://gre/modules/XULStore.jsm, line 66: Error: Can't find profile directory.
1594099470495	Marionette	INFO	Listening on port 63000
1594099470813	Marionette	WARN	TLS certificate errors will be ignored for this session

###!!! [Child][MessageChannel] Error: (msgtype=0x6A0029,name=PNecko::Msg_RemoveRequestContext) Channel closing: too late to send/recv, messages will be lost


###!!! [Child][RunMessage] Error: Channel closing: too late to send/recv, messages will be lost


###!!! [Child][RunMessage] Error: Channel closing: too late to send/recv, messages will be lost


###!!! [Child][MessageChannel] Error: (msgtype=0x380128,name=PContent::Msg_ScriptError) Channel closing: too late to send/recv, messages will be lost


###!!! [Child][MessageChannel] Error: (msgtype=0xB40006,name=PWebSocket::Msg_DeleteSelf) Channel closing: too late to send/recv, messages will be lost

1594099515956	Marionette	INFO	Stopped listening on port 63000

###!!! [Child][RunMessage] Error: Channel closing: too late to send/recv, messages will be lost


###!!! [Child][MessageChannel::SendAndWait] Error: Channel error: cannot send/recv

1594099546969	mozrunner::runner	INFO	Running command: "C:\\Program Files\\Mozilla Firefox\\firefox.exe" "-marionette" "-foreground" "-no-remote" "-profile" "C:\\Users\\admin\\AppData\\Local\\Temp\\rust_mozprofileloOwG9"
1594099548137	addons.webextension.doh-rollout@mozilla.org	WARN	Loading extension 'doh-rollout@mozilla.org': Reading manifest: Invalid extension permission: networkStatus
1594099548592	addons.webextension.screenshots@mozilla.org	WARN	Loading extension 'screenshots@mozilla.org': Reading manifest: Invalid extension permission: mozillaAddons
1594099548592	addons.webextension.screenshots@mozilla.org	WARN	Loading extension 'screenshots@mozilla.org': Reading manifest: Invalid extension permission: telemetry
1594099548592	addons.webextension.screenshots@mozilla.org	WARN	Loading extension 'screenshots@mozilla.org': Reading manifest: Invalid extension permission: resource://pdf.js/
1594099548592	addons.webextension.screenshots@mozilla.org	WARN	Loading extension 'screenshots@mozilla.org': Reading manifest: Invalid extension permission: about:reader*
JavaScript error: resource://gre/modules/XULStore.jsm, line 66: Error: Can't find profile directory.
1594099551683	Marionette	INFO	Listening on port 63102
1594099552186	Marionette	WARN	TLS certificate errors will be ignored for this session

###!!! [Child][RunMessage] Error: Channel closing: too late to send/recv, messages will be lost


###!!! [Child][RunMessage] Error: Channel closing: too late to send/recv, messages will be lost


###!!! [Child][RunMessage] Error: Channel closing: too late to send/recv, messages will be lost

1594099561547	Marionette	INFO	Stopped listening on port 63102

###!!! [Child][RunMessage] Error: Channel closing: too late to send/recv, messages will be lost


###!!! [Child][MessageChannel::SendAndWait] Error: Channel error: cannot send/recv

1601387076069	mozrunner::runner	INFO	Running command: "C:\\Program Files\\Mozilla Firefox\\firefox.exe" "-marionette" "-foreground" "-no-remote" "-profile" "C:\\Users\\admin\\AppData\\Local\\Temp\\rust_mozprofileq8E5ll"
1601387148267	mozrunner::runner	INFO	Running command: "C:\\Program Files\\Mozilla Firefox\\firefox.exe" "-marionette" "-foreground" "-no-remote" "-profile" "C:\\Users\\admin\\AppData\\Local\\Temp\\rust_mozprofilebzAYjX"
JavaScript error: resource://gre/modules/XULStore.jsm, line 66: Error: Can't find profile directory.
console.error: SearchCache: "_readCacheFile: Error reading cache file:" (new Error("", "(unknown module)"))
1601387150428	Marionette	INFO	Listening on port 64511
1601387150874	Marionette	WARN	TLS certificate errors will be ignored for this session
1601387779600	Marionette	INFO	Stopped listening on port 64511

###!!! [Child][RunMessage] Error: Channel closing: too late to send/recv, messages will be lost


###!!! [Child][MessageChannel::SendAndWait] Error: Channel error: cannot send/recv

/modules/XULStore.jsm, line 66: Error: Can't find profile directory.
console.error: SearchCache: "_readCacheFile: Error reading cache file:" (new Error("", "(unknown module)"))
1601387260159	Marionette	INFO	Listening on port 64607
1601387260564	Marionette	WARN	TLS certificate errors will be ignored for this session
1601387781003	Marionette	INFO	Stopped listening on port 64607

###!!! [Child][MessageChannel::SendAndWait] Error: Channel error: cannot send/recv

ile" "C:\\Users\\admin\\AppData\\Local\\Temp\\rust_mozprofileRvEN75"
JavaScript error: resource://gre/modules/XULStore.jsm, line 66: Error: Can't find profile directory.
console.error: SearchCache: "_readCacheFile: Error reading cache file:" (new Error("", "(unknown module)"))
1601387291742	Marionette	INFO	Listening on port 64679
1601387292123	Marionette	WARN	TLS certificate errors will be ignored for this session
1601388544631	Marionette	INFO	Stopped listening on port 64679

###!!! [Child][RunMessage] Error: Channel closing: too late to send/recv, messages will be lost


###!!! [Child][MessageChannel::SendAndWait] Error: Channel error: cannot send/recv

/modules/XULStore.jsm, line 66: Error: Can't find profile directory.
console.error: SearchCache: "_readCacheFile: Error reading cache file:" (new Error("", "(unknown module)"))
1601387337313	Marionette	INFO	Listening on port 64757
1601387337546	Marionette	WARN	TLS certificate errors will be ignored for this session
console.error: "Exception while getting unique selector" (new Error("Connection closed, pending request to server0.conn0.child2/domnode568, type getUniqueSelector failed\n\nRequest stack:\nrequest@resource://devtools/shared/protocol/Front.js:256:14\ngenerateRequestMethods/</frontProto[name]@resource://devtools/shared/protocol/Front/FrontClassWithSpec.js:47:19\n_create/<@resource://devtools/client/inspector/rules/views/rule-editor.js:171:48\n_create@resource://devtools/client/inspector/rules/views/rule-editor.js:198:20\nRuleEditor@resource://devtools/client/inspector/rules/views/rule-editor.js:79:8\n_createEditors@resource://devtools/client/inspector/rules/rules.js:1197:23\n_populate/<@resource://devtools/client/inspector/rules/rules.js:975:37\n", "resource://devtools/shared/protocol/Front.js", 77))
console.error: "Error while calling actor 'pagestyle's method 'getLayout'" "node is null"
console.error: "getLayout@resource://devtools/server/actors/styles.js:1012:5\nhandler@resource://devtools/shared/protocol/Actor.js:162:37\nonPacket@resource://devtools/server/devtools-server-connection.js:379:58\nreceiveMessage@resource://devtools/shared/transport/child-transport.js:66:16\n"
console.error: (new Error("Protocol error (TypeError): node is null from: server0.conn0.child2/pagestyle26 (resource://devtools/server/actors/styles.js:1012:5)", "resource://devtools/shared/protocol/Front.js", 323))
JavaScript error: resource://devtools/client/fronts/node.js, line 404: TypeError: this.parentFront is null
JavaScript error: resource://devtools/client/fronts/node.js, line 404: TypeError: this.parentFront is null
JavaScript error: resource://devtools/client/fronts/node.js, line 404: TypeError: this.parentFront is null
JavaScript error: resource://devtools/client/fronts/node.js, line 404: TypeError: this.parentFront is null
JavaScript error: resource://devtools/client/fronts/node.js, line 404: TypeError: this.parentFront is null
JavaScript error: resource://devtools/client/fronts/node.js, line 404: TypeError: this.parentFront is null
JavaScript error: resource://devtools/client/fronts/node.js, line 404: TypeError: this.parentFront is null
JavaScript error: resource://devtools/client/fronts/node.js, line 404: TypeError: this.parentFront is null
JavaScript error: resource://devtools/client/fronts/node.js, line 404: TypeError: this.parentFront is null
JavaScript error: resource://devtools/client/fronts/node.js, line 404: TypeError: this.parentFront is null
JavaScript error: resource://devtools/client/fronts/node.js, line 404: TypeError: this.parentFront is null
JavaScript error: resource://devtools/client/fronts/node.js, line 404: TypeError: this.parentFront is null
JavaScript error: resource://devtools/client/fronts/node.js, line 404: TypeError: this.parentFront is null
JavaScript error: resource://devtools/client/fronts/node.js, line 404: TypeError: this.parentFront is null
JavaScript error: resource://devtools/client/fronts/node.js, line 404: TypeError: this.parentFront is null
JavaScript error: resource://devtools/client/fronts/node.js, line 404: TypeError: this.parentFront is null
JavaScript error: resource://devtools/client/fronts/node.js, line 404: TypeError: this.parentFront is null
JavaScript error: resource://devtools/client/fronts/node.js, line 404: TypeError: this.parentFront is null
JavaScript error: resource://devtools/client/fronts/node.js, line 404: TypeError: this.parentFront is null
JavaScript error: resource://devtools/client/fronts/node.js, line 404: TypeError: this.parentFront is null
JavaScript error: resource://devtools/client/fronts/node.js, line 404: TypeError: this.parentFront is null
JavaScript error: resource://devtools/client/fronts/node.js, line 404: TypeError: this.parentFront is null
JavaScript error: resource://devtools/client/fronts/node.js, line 404: TypeError: this.parentFront is null
JavaScript error: resource://devtools/client/fronts/node.js, line 404: TypeError: this.parentFront is null
JavaScript error: resource://devtools/client/fronts/node.js, line 404: TypeError: this.parentFront is null
JavaScript error: resource://devtools/client/fronts/node.js, line 404: TypeError: this.parentFront is null
JavaScript error: resource://devtools/client/fronts/node.js, line 404: TypeError: this.parentFront is null
JavaScript error: resource://devtools/client/fronts/node.js, line 404: TypeError: this.parentFront is null
JavaScript error: resource://devtools/client/fronts/node.js, line 404: TypeError: this.parentFront is null
JavaScript error: resource://devtools/client/fronts/node.js, line 404: TypeError: this.parentFront is null
JavaScript error: resource://devtools/client/fronts/node.js, line 404: TypeError: this.parentFront is null
JavaScript error: resource://devtools/client/fronts/node.js, line 404: TypeError: this.parentFront is null
JavaScript error: resource://devtools/client/fronts/node.js, line 404: TypeError: this.parentFront is null
JavaScript error: resource://devtools/client/fronts/node.js, line 404: TypeError: this.parentFront is null
JavaScript error: resource://devtools/client/fronts/node.js, line 404: TypeError: this.parentFront is null
JavaScript error: resource://devtools/client/fronts/node.js, line 404: TypeError: this.parentFront is null
JavaScript error: resource://devtools/client/fronts/node.js, line 404: TypeError: this.parentFront is null
JavaScript error: resource://devtools/client/fronts/node.js, line 404: TypeError: this.parentFront is null
JavaScript error: resource://devtools/client/fronts/node.js, line 404: TypeError: this.parentFront is null
JavaScript error: resource://devtools/client/fronts/node.js, line 404: TypeError: this.parentFront is null
JavaScript error: resource://devtools/client/fronts/node.js, line 404: TypeError: this.parentFront is null
JavaScript error: resource://devtools/client/fronts/node.js, line 404: TypeError: this.parentFront is null
JavaScript error: resource://devtools/client/fronts/node.js, line 404: TypeError: this.parentFront is null
JavaScript error: resource://devtools/client/fronts/node.js, line 404: TypeError: this.parentFront is null
console.error: "Exception while getting unique selector" (new Error("Connection closed, pending request to server0.conn0.child2/domnode739, type getUniqueSelector failed\n\nRequest stack:\nrequest@resource://devtools/shared/protocol/Front.js:256:14\ngenerateRequestMethods/</frontProto[name]@resource://devtools/shared/protocol/Front/FrontClassWithSpec.js:47:19\n_create/<@resource://devtools/client/inspector/rules/views/rule-editor.js:171:48\n_create@resource://devtools/client/inspector/rules/views/rule-editor.js:198:20\nRuleEditor@resource://devtools/client/inspector/rules/views/rule-editor.js:79:8\n_createEditors@resource://devtools/client/inspector/rules/rules.js:1197:23\n_populate/<@resource://devtools/client/inspector/rules/rules.js:975:37\n", "resource://devtools/shared/protocol/Front.js", 77))
1601388083516	Marionette	INFO	Stopped listening on port 64757

###!!! [Child][RunMessage] Error: Channel closing: too late to send/recv, messages will be lost


###!!! [Child][MessageChannel::SendAndWait] Error: Channel error: cannot send/recv

/modules/XULStore.jsm, line 66: Error: Can't find profile directory.
console.error: SearchCache: "_readCacheFile: Error reading cache file:" (new Error("", "(unknown module)"))
1601388010521	Marionette	INFO	Listening on port 64996
1601388010923	Marionette	WARN	TLS certificate errors will be ignored for this session
1601388080639	Marionette	INFO	Stopped listening on port 64996

###!!! [Child][RunMessage] Error: Channel closing: too late to send/recv, messages will be lost


###!!! [Child][MessageChannel::SendAndWait] Error: Channel error: cannot send/recv

/modules/XULStore.jsm, line 66: Error: Can't find profile directory.
console.error: SearchCache: "_readCacheFile: Error reading cache file:" (new Error("", "(unknown module)"))
1601388045194	Marionette	INFO	Listening on port 65074
1601388045551	Marionette	WARN	TLS certificate errors will be ignored for this session
1601388378444	Marionette	INFO	Stopped listening on port 65074

###!!! [Child][RunMessage] Error: Channel closing: too late to send/recv, messages will be lost


###!!! [Child][MessageChannel::SendAndWait] Error: Channel error: cannot send/recv

/modules/XULStore.jsm, line 66: Error: Can't find profile directory.
console.error: SearchCache: "_readCacheFile: Error reading cache file:" (new Error("", "(unknown module)"))
1601388277012	Marionette	INFO	Listening on port 65175
1601388277470	Marionette	WARN	TLS certificate errors will be ignored for this session
1601388609442	Marionette	INFO	Stopped listening on port 65175

###!!! [Child][RunMessage] Error: Channel closing: too late to send/recv, messages will be lost


###!!! [Child][MessageChannel::SendAndWait] Error: Channel error: cannot send/recv

/modules/XULStore.jsm, line 66: Error: Can't find profile directory.
console.error: SearchCache: "_readCacheFile: Error reading cache file:" (new Error("", "(unknown module)"))
1601388381368	Marionette	INFO	Listening on port 65256
1601388381732	Marionette	WARN	TLS certificate errors will be ignored for this session
1601388543259	Marionette	INFO	Stopped listening on port 65256

###!!! [Child][RunMessage] Error: Channel closing: too late to send/recv, messages will be lost


###!!! [Child][MessageChannel::SendAndWait] Error: Channel error: cannot send/recv

/modules/XULStore.jsm, line 66: Error: Can't find profile directory.
console.error: SearchCache: "_readCacheFile: Error reading cache file:" (new Error("", "(unknown module)"))
1601388448322	Marionette	INFO	Listening on port 65336
1601388448773	Marionette	WARN	TLS certificate errors will be ignored for this session
[Parent 18188, Gecko_IOThread] WARNING: file /builds/worker/checkouts/gecko/ipc/chromium/src/base/process_util_win.cc, line 166
1601388542013	Marionette	INFO	Stopped listening on port 65336

###!!! [Child][RunMessage] Error: Channel closing: too late to send/recv, messages will be lost


###!!! [Child][MessageChannel::SendAndWait] Error: Channel error: cannot send/recv

cache file:" (new Error("", "(unknown module)"))
1601388498835	Marionette	INFO	Listening on port 65407
1601388499130	Marionette	WARN	TLS certificate errors will be ignored for this session
1601388541104	Marionette	INFO	Stopped listening on port 65407

###!!! [Child][RunMessage] Error: Channel closing: too late to send/recv, messages will be lost


###!!! [Child][MessageChannel::SendAndWait] Error: Channel error: cannot send/recv

1601388610594	mozrunner::runner	INFO	Running command: "C:\\Program Files\\Mozilla Firefox\\firefox.exe" "-marionette" "-foreground" "-no-remote" "-profile" "C:\\Users\\admin\\AppData\\Local\\Temp\\rust_mozprofilehTYmjQ"
JavaScript error: resource://gre/modules/XULStore.jsm, line 66: Error: Can't find profile directory.
console.error: SearchCache: "_readCacheFile: Error reading cache file:" (new Error("", "(unknown module)"))
1601388612823	Marionette	INFO	Listening on port 65533
1601388613213	Marionette	WARN	TLS certificate errors will be ignored for this session
1601388652792	Marionette	INFO	Stopped listening on port 65533

###!!! [Child][RunMessage] Error: Channel closing: too late to send/recv, messages will be lost


###!!! [Child][MessageChannel::SendAndWait] Error: Channel error: cannot send/recv

/modules/XULStore.jsm, line 66: Error: Can't find profile directory.
console.error: SearchCache: "_readCacheFile: Error reading cache file:" (new Error("", "(unknown module)"))
1601388642388	Marionette	INFO	Listening on port 49220
1601388642610	Marionette	WARN	TLS certificate errors will be ignored for this session
1601388653322	mozrunner::runner	INFO	Running command: "C:\\Program Files\\Mozilla Firefox\\firefox.exe" "-marionette" "-foreground" "-no-remote" "-profile" "C:\\Users\\admin\\AppData\\Local\\Temp\\rust_mozprofilesk11Fd"
JavaScript error: resource://gre/modules/XULStore.jsm, line 66: Error: Can't find profile directory.
console.error: SearchCache: "_readCacheFile: Error reading cache file:" (new Error("", "(unknown module)"))
1601388655502	Marionette	INFO	Listening on port 49293
1601388655930	Marionette	WARN	TLS certificate errors will be ignored for this session
1601388853438	Marionette	INFO	Stopped listening on port 49293

###!!! [Child][RunMessage] Error: Channel closing: too late to send/recv, messages will be lost


###!!! [Child][MessageChannel::SendAndWait] Error: Channel error: cannot send/recv

1601389404798	mozrunner::runner	INFO	Running command: "C:\\Program Files\\Mozilla Firefox\\firefox.exe" "-marionette" "-foreground" "-no-remote" "-profile" "C:\\Users\\admin\\AppData\\Local\\Temp\\rust_mozprofilejQmqXt"
JavaScript error: resource://gre/modules/XULStore.jsm, line 66: Error: Can't find profile directory.
console.error: SearchCache: "_readCacheFile: Error reading cache file:" (new Error("", "(unknown module)"))
1601389406907	Marionette	INFO	Listening on port 49852
1601389407409	Marionette	WARN	TLS certificate errors will be ignored for this session

###!!! [Child][RunMessage] Error: Channel closing: too late to send/recv, messages will be lost

1601389408530	Marionette	INFO	Stopped listening on port 49852

###!!! [Child][RunMessage] Error: Channel closing: too late to send/recv, messages will be lost


###!!! [Child][MessageChannel::SendAndWait] Error: Channel error: cannot send/recv

1601389454294	mozrunner::runner	INFO	Running command: "C:\\Program Files\\Mozilla Firefox\\firefox.exe" "-marionette" "-foreground" "-no-remote" "-profile" "C:\\Users\\admin\\AppData\\Local\\Temp\\rust_mozprofileA043oZ"
JavaScript error: resource://gre/modules/XULStore.jsm, line 66: Error: Can't find profile directory.
console.error: SearchCache: "_readCacheFile: Error reading cache file:" (new Error("", "(unknown module)"))
1601389456403	Marionette	INFO	Listening on port 49923
1601389456901	Marionette	WARN	TLS certificate errors will be ignored for this session
1601389728847	Marionette	INFO	Stopped listening on port 49923

###!!! [Child][RunMessage] Error: Channel closing: too late to send/recv, messages will be lost


###!!! [Child][MessageChannel::SendAndWait] Error: Channel error: cannot send/recv

/modules/XULStore.jsm, line 66: Error: Can't find profile directory.
console.error: SearchCache: "_readCacheFile: Error reading cache file:" (new Error("", "(unknown module)"))
1601389531837	Marionette	INFO	Listening on port 50047
1601389532309	Marionette	WARN	TLS certificate errors will be ignored for this session
console.error: "Error while calling actor 'pagestyle's method 'getApplied'" "node is null"
console.error: "getApplied@resource://devtools/server/actors/styles.js:589:5\nhandler@resource://devtools/shared/protocol/Actor.js:162:37\nonPacket@resource://devtools/server/devtools-server-connection.js:379:58\nreceiveMessage@resource://devtools/shared/transport/child-transport.js:66:16\n"
console.error: (new Error("Protocol error (TypeError): node is null from: server0.conn0.child2/pagestyle26 (resource://devtools/server/actors/styles.js:589:5)", "resource://devtools/shared/protocol/Front.js", 323))
console.error: (new TypeError("parent is null", "resource://devtools/client/inspector/shared/style-change-tracker.js", 67))
TypeError: parent is null: canMutationImpactCurrentStyles@resource://devtools/client/inspector/shared/style-change-tracker.js:67:24
onMutations@resource://devtools/client/inspector/shared/style-change-tracker.js:84:41
_emit@resource://devtools/shared/event-emitter.js:226:34
emit@resource://devtools/shared/event-emitter.js:172:18
emit@resource://devtools/shared/event-emitter.js:324:18
getMutations@resource://devtools/client/fronts/walker.js:406:10

console.error: (new TypeError("parent is null", "resource://devtools/client/inspector/shared/style-change-tracker.js", 67))
TypeError: parent is null: canMutationImpactCurrentStyles@resource://devtools/client/inspector/shared/style-change-tracker.js:67:24
onMutations@resource://devtools/client/inspector/shared/style-change-tracker.js:84:41
_emit@resource://devtools/shared/event-emitter.js:226:34
emit@resource://devtools/shared/event-emitter.js:172:18
emit@resource://devtools/shared/event-emitter.js:324:18
getMutations@resource://devtools/client/fronts/walker.js:406:10

console.error: "Error while calling actor 'pagestyle's method 'getLayout'" "node is null"
console.error: "getLayout@resource://devtools/server/actors/styles.js:1012:5\nhandler@resource://devtools/shared/protocol/Actor.js:162:37\nonPacket@resource://devtools/server/devtools-server-connection.js:379:58\nreceiveMessage@resource://devtools/shared/transport/child-transport.js:66:16\n"
console.error: (new Error("Protocol error (TypeError): node is null from: server0.conn0.child2/pagestyle26 (resource://devtools/server/actors/styles.js:1012:5)", "resource://devtools/shared/protocol/Front.js", 323))

###!!! [Child][RunMessage] Error: Channel closing: too late to send/recv, messages will be lost

1601389727186	Marionette	INFO	Stopped listening on port 50047

###!!! [Child][RunMessage] Error: Channel closing: too late to send/recv, messages will be lost


###!!! [Child][MessageChannel::SendAndWait] Error: Channel error: cannot send/recv

eadCacheFile: Error reading cache file:" (new Error("", "(unknown module)"))
1601389698599	Marionette	INFO	Listening on port 50206
1601389698628	Marionette	WARN	TLS certificate errors will be ignored for this session
1601389730699	Marionette	INFO	Stopped listening on port 50206

###!!! [Child][MessageChannel::SendAndWait] Error: Channel error: cannot send/recv

ile" "C:\\Users\\admin\\AppData\\Local\\Temp\\rust_mozprofile6ED4O9"
JavaScript error: resource://gre/modules/XULStore.jsm, line 66: Error: Can't find profile directory.
console.error: SearchCache: "_readCacheFile: Error reading cache file:" (new Error("", "(unknown module)"))
1601389720990	Marionette	INFO	Listening on port 50294
1601389721442	Marionette	WARN	TLS certificate errors will be ignored for this session
1601389779039	Marionette	INFO	Stopped listening on port 50294

###!!! [Child][RunMessage] Error: Channel closing: too late to send/recv, messages will be lost


###!!! [Child][MessageChannel::SendAndWait] Error: Channel error: cannot send/recv

/modules/XULStore.jsm, line 66: Error: Can't find profile directory.
console.error: SearchCache: "_readCacheFile: Error reading cache file:" (new Error("", "(unknown module)"))
1601389739663	Marionette	INFO	Listening on port 50379
1601389740163	Marionette	WARN	TLS certificate errors will be ignored for this session
1601389777567	Marionette	INFO	Stopped listening on port 50379

###!!! [Child][RunMessage] Error: Channel closing: too late to send/recv, messages will be lost


###!!! [Child][MessageChannel::SendAndWait] Error: Channel error: cannot send/recv

/modules/XULStore.jsm, line 66: Error: Can't find profile directory.
console.error: SearchCache: "_readCacheFile: Error reading cache file:" (new Error("", "(unknown module)"))
1601389771561	Marionette	INFO	Listening on port 50454
1601389771567	Marionette	WARN	TLS certificate errors will be ignored for this session
1601389924313	Marionette	INFO	Stopped listening on port 50454

###!!! [Child][MessageChannel::SendAndWait] Error: Channel error: cannot send/recv

ile" "C:\\Users\\admin\\AppData\\Local\\Temp\\rust_mozprofileJw1qKy"
JavaScript error: resource://gre/modules/XULStore.jsm, line 66: Error: Can't find profile directory.
console.error: SearchCache: "_readCacheFile: Error reading cache file:" (new Error("", "(unknown module)"))
1601389862905	Marionette	INFO	Listening on port 50540
1601389862947	Marionette	WARN	TLS certificate errors will be ignored for this session
console.error: (new TypeError("parent is null", "resource://devtools/client/inspector/shared/style-change-tracker.js", 67))
TypeError: parent is null: canMutationImpactCurrentStyles@resource://devtools/client/inspector/shared/style-change-tracker.js:67:24
onMutations@resource://devtools/client/inspector/shared/style-change-tracker.js:84:41
_emit@resource://devtools/shared/event-emitter.js:226:34
emit@resource://devtools/shared/event-emitter.js:172:18
emit@resource://devtools/shared/event-emitter.js:324:18
getMutations@resource://devtools/client/fronts/walker.js:406:10

JavaScript error: resource://devtools/client/fronts/node.js, line 404: TypeError: this.parentFront is null
JavaScript error: resource://devtools/client/fronts/node.js, line 404: TypeError: this.parentFront is null
JavaScript error: resource://devtools/client/fronts/node.js, line 404: TypeError: this.parentFront is null
JavaScript error: resource://devtools/client/fronts/node.js, line 404: TypeError: this.parentFront is null
1601389923615	mozrunner::runner	INFO	Running command: "C:\\Program Files\\Mozilla Firefox\\firefox.exe" "-marionette" "-foreground" "-no-remote" "-profile" "C:\\Users\\admin\\AppData\\Local\\Temp\\rust_mozprofile0ZLzos"
JavaScript error: resource://gre/modules/XULStore.jsm, line 66: Error: Can't find profile directory.
console.error: SearchCache: "_readCacheFile: Error reading cache file:" (new Error("", "(unknown module)"))
1601389926028	Marionette	INFO	Listening on port 50620
1601389926223	Marionette	WARN	TLS certificate errors will be ignored for this session
1601390334707	Marionette	INFO	Stopped listening on port 50620

###!!! [Child][RunMessage] Error: Channel closing: too late to send/recv, messages will be lost


###!!! [Child][MessageChannel::SendAndWait] Error: Channel error: cannot send/recv

/modules/XULStore.jsm, line 66: Error: Can't find profile directory.
console.error: SearchCache: "_readCacheFile: Error reading cache file:" (new Error("", "(unknown module)"))
1601390003468	Marionette	INFO	Listening on port 50694
1601390003560	Marionette	WARN	TLS certificate errors will be ignored for this session
1601390721873	Marionette	INFO	Stopped listening on port 50694

###!!! [Child][RunMessage] Error: Channel closing: too late to send/recv, messages will be lost


###!!! [Child][MessageChannel::SendAndWait] Error: Channel error: cannot send/recv

/modules/XULStore.jsm, line 66: Error: Can't find profile directory.
console.error: SearchCache: "_readCacheFile: Error reading cache file:" (new Error("", "(unknown module)"))
1601390112753	Marionette	INFO	Listening on port 50769
1601390112835	Marionette	WARN	TLS certificate errors will be ignored for this session
console.error: "Error while calling actor 'pagestyle's method 'getLayout'" "node is null"
console.error: "getLayout@resource://devtools/server/actors/styles.js:1012:5\nhandler@resource://devtools/shared/protocol/Actor.js:162:37\nonPacket@resource://devtools/server/devtools-server-connection.js:379:58\nreceiveMessage@resource://devtools/shared/transport/child-transport.js:66:16\n"
console.error: "Exception while getting unique selector" (new Error("Connection closed, pending request to server0.conn0.child2/domnode328, type getUniqueSelector failed\n\nRequest stack:\nrequest@resource://devtools/shared/protocol/Front.js:256:14\ngenerateRequestMethods/</frontProto[name]@resource://devtools/shared/protocol/Front/FrontClassWithSpec.js:47:19\n_create/<@resource://devtools/client/inspector/rules/views/rule-editor.js:171:48\n_create@resource://devtools/client/inspector/rules/views/rule-editor.js:198:20\nRuleEditor@resource://devtools/client/inspector/rules/views/rule-editor.js:79:8\n_createEditors@resource://devtools/client/inspector/rules/rules.js:1197:23\n_populate/<@resource://devtools/client/inspector/rules/rules.js:975:37\n", "resource://devtools/shared/protocol/Front.js", 77))
console.error: (new Error("Protocol error (TypeError): node is null from: server0.conn0.child2/pagestyle26 (resource://devtools/server/actors/styles.js:1012:5)", "resource://devtools/shared/protocol/Front.js", 323))
1601390336237	Marionette	INFO	Stopped listening on port 50769

###!!! [Child][RunMessage] Error: Channel closing: too late to send/recv, messages will be lost


###!!! [Child][MessageChannel::SendAndWait] Error: Channel error: cannot send/recv

/modules/XULStore.jsm, line 66: Error: Can't find profile directory.
console.error: SearchCache: "_readCacheFile: Error reading cache file:" (new Error("", "(unknown module)"))
1601390212803	Marionette	INFO	Listening on port 50865
1601390212811	Marionette	WARN	TLS certificate errors will be ignored for this session
1601390333860	Marionette	INFO	Stopped listening on port 50865

###!!! [Child][RunMessage] Error: Channel closing: too late to send/recv, messages will be lost


###!!! [Child][MessageChannel::SendAndWait] Error: Channel error: cannot send/recv

/modules/XULStore.jsm, line 66: Error: Can't find profile directory.
console.error: SearchCache: "_readCacheFile: Error reading cache file:" (new Error("", "(unknown module)"))
1601390299851	Marionette	INFO	Listening on port 50938
1601390299863	Marionette	WARN	TLS certificate errors will be ignored for this session
console.error: (new TypeError("parent is null", "resource://devtools/client/inspector/shared/style-change-tracker.js", 67))
TypeError: parent is null: canMutationImpactCurrentStyles@resource://devtools/client/inspector/shared/style-change-tracker.js:67:24
onMutations@resource://devtools/client/inspector/shared/style-change-tracker.js:84:41
_emit@resource://devtools/shared/event-emitter.js:226:34
emit@resource://devtools/shared/event-emitter.js:172:18
emit@resource://devtools/shared/event-emitter.js:324:18
getMutations@resource://devtools/client/fronts/walker.js1601390723992	Marionette	INFO	Stopped listening on port 51010

###!!! [Child][RunMessage] Error: Channel closing: too late to send/recv, messages will be lost


###!!! [Child][MessageChannel::SendAndWait] Error: Channel error: cannot send/recv

esource://devtools/server/devtools-server-connection.js:379:58\nreceiveMessage@resource://devtools/shared/transport/child-transport.js:66:16\n"
console.error: (new Error("Protocol error (TypeError): node is null from: server0.conn0.child2/pagestyle26 (resource://devtools/server/actors/styles.js:589:5)", "resource://devtools/shared/protocol/Front.js", 323))
[Parent 17036, Gecko_IOThread] WARNING: file /builds/worker/checkouts/gecko/ipc/chromium/src/base/process_util_win.cc, line 166
1601390725655	Marionette	INFO	Stopped listening on port 50938

###!!! [Child][RunMessage] Error: Channel closing: too late to send/recv, messages will be lost


###!!! [Child][MessageChannel::SendAndWait] Error: Channel error: cannot send/recv

cache file:" (new Error("", "(unknown module)"))
1601390471021	Marionette	INFO	Listening on port 51093
1601390471520	Marionette	WARN	TLS certificate errors will be ignored for this session
1601390509591	Marionette	INFO	Stopped listening on port 51093

###!!! [Child][RunMessage] Error: Channel closing: too late to send/recv, messages will be lost


###!!! [Child][MessageChannel::SendAndWait] Error: Channel error: cannot send/recv

1601391036053	mozrunner::runner	INFO	Running command: "C:\\Program Files\\Mozilla Firefox\\firefox.exe" "-marionette" "-foreground" "-no-remote" "-profile" "C:\\Users\\admin\\AppData\\Local\\Temp\\rust_mozprofileSNCZEf"
JavaScript error: resource://gre/modules/XULStore.jsm, line 66: Error: Can't find profile directory.
console.error: SearchCache: "_readCacheFile: Error reading cache file:" (new Error("", "(unknown module)"))
1601391038138	Marionette	INFO	Listening on port 51374
1601391038175	Marionette	WARN	TLS certificate errors will be ignored for this session
1601391160130	Marionette	INFO	Stopped listening on port 51374

###!!! [Child][RunMessage] Error: Channel closing: too late to send/recv, messages will be lost


###!!! [Child][MessageChannel::SendAndWait] Error: Channel error: cannot send/recv

1601391164985	mozrunner::runner	INFO	Running command: "C:\\Program Files\\Mozilla Firefox\\firefox.exe" "-marionette" "-foreground" "-no-remote" "-profile" "C:\\Users\\admin\\AppData\\Local\\Temp\\rust_mozprofileUz3jwA"
JavaScript error: resource://gre/modules/XULStore.jsm, line 66: Error: Can't find profile directory.
console.error: SearchCache: "_readCacheFile: Error reading cache file:" (new Error("", "(unknown module)"))
1601391167144	Marionette	INFO	Listening on port 51482
1601391167598	Marionette	WARN	TLS certificate errors will be ignored for this session
1601391573598	Marionette	INFO	Stopped listening on port 51482

###!!! [Child][RunMessage] Error: Channel closing: too late to send/recv, messages will be lost


###!!! [Child][MessageChannel::SendAndWait] Error: Channel error: cannot send/recv

/modules/XULStore.jsm, line 66: Error: Can't find profile directory.
console.error: SearchCache: "_readCacheFile: Error reading cache file:" (new Error("", "(unknown module)"))
1601391299943	Marionette	INFO	Listening on port 51592
1601391300424	Marionette	WARN	TLS certificate errors will be ignored for this session
1601391572381	Marionette	INFO	Stopped listening on port 51592

###!!! [Child][RunMessage] Error: Channel closing: too late to send/recv, messages will be lost


###!!! [Child][MessageChannel::SendAndWait] Error: Channel error: cannot send/recv

/modules/XULStore.jsm, line 66: Error: Can't find profile directory.
console.error: SearchCache: "_readCacheFile: Error reading cache file:" (new Error("", "(unknown module)"))
1601391328334	Marionette	INFO	Listening on port 51669
1601391328832	Marionette	WARN	TLS certificate errors will be ignored for this session
1601391571647	Marionette	INFO	Stopped listening on port 51669

###!!! [Child][RunMessage] Error: Channel closing: too late to send/recv, messages will be lost


###!!! [Child][MessageChannel::SendAndWait] Error: Channel error: cannot send/recv

/modules/XULStore.jsm, line 66: Error: Can't find profile directory.
console.error: SearchCache: "_readCacheFile: Error reading cache file:" (new Error("", "(unknown module)"))
1601391361719	Marionette	INFO	Listening on port 51744
1601391362084	Marionette	WARN	TLS certificate errors will be ignored for this session
1601391570722	Marionette	INFO	Stopped listening on port 51744

###!!! [Child][RunMessage] Error: Channel closing: too late to send/recv, messages will be lost


###!!! [Child][MessageChannel::SendAndWait] Error: Channel error: cannot send/recv

/modules/XULStore.jsm, line 66: Error: Can't find profile directory.
console.error: SearchCache: "_readCacheFile: Error reading cache file:" (new Error("", "(unknown module)"))
1601391393216	Marionette	INFO	Listening on port 51829
1601391393609	Marionette	WARN	TLS certificate errors will be ignored for this session
1601391568634	Marionette	INFO	Stopped listening on port 51829

###!!! [Child][RunMessage] Error: Channel closing: too late to send/recv, messages will be lost


###!!! [Child][MessageChannel::SendAndWait] Error: Channel error: cannot send/recv

/modules/XULStore.jsm, line 66: Error: Can't find profile directory.
console.error: SearchCache: "_readCacheFile: Error reading cache file:" (new Error("", "(unknown module)"))
1601391433681	Marionette	INFO	Listening on port 51903
1601391434024	Marionette	WARN	TLS certificate errors will be ignored for this session
1601391567845	Marionette	INFO	Stopped listening on port 51903

###!!! [Child][RunMessage] Error: Channel closing: too late to send/recv, messages will be lost


###!!! [Child][MessageChannel::SendAndWait] Error: Channel error: cannot send/recv

/modules/XULStore.jsm, line 66: Error: Can't find profile directory.
console.error: SearchCache: "_readCacheFile: Error reading cache file:" (new Error("", "(unknown module)"))
1601391465950	Marionette	INFO	Listening on port 51980
1601391466340	Marionette	WARN	TLS certificate errors will be ignored for this session
1601391567124	Marionette	INFO	Stopped listening on port 51980

###!!! [Child][RunMessage] Error: Channel closing: too late to send/recv, messages will be lost


###!!! [Child][MessageChannel::SendAndWait] Error: Channel error: cannot send/recv

/modules/XULStore.jsm, line 66: Error: Can't find profile directory.
console.error: SearchCache: "_readCacheFile: Error reading cache file:" (new Error("", "(unknown module)"))
1601391503634	Marionette	INFO	Listening on port 52059
1601391504019	Marionette	WARN	TLS certificate errors will be ignored for this session
1601391566359	Marionette	INFO	Stopped listening on port 52059

###!!! [Child][RunMessage] Error: Channel closing: too late to send/recv, messages will be lost


###!!! [Child][MessageChannel::SendAndWait] Error: Channel error: cannot send/recv

/modules/XULStore.jsm, line 66: Error: Can't find profile directory.
console.error: SearchCache: "_readCacheFile: Error reading cache file:" (new Error("", "(unknown module)"))
1601391545721	Marionette	INFO	Listening on port 52145
1601391545989	Marionette	WARN	TLS certificate errors will be ignored for this session
1601391565533	Marionette	INFO	Stopped listening on port 52145

###!!! [Child][RunMessage] Error: Channel closing: too late to send/recv, messages will be lost


###!!! [Child][MessageChannel::SendAndWait] Error: Channel error: cannot send/recv

1601391583005	mozrunner::runner	INFO	Running command: "C:\\Program Files\\Mozilla Firefox\\firefox.exe" "-marionette" "-foreground" "-no-remote" "-profile" "C:\\Users\\admin\\AppData\\Local\\Temp\\rust_mozprofilenU5651"
JavaScript error: resource://gre/modules/XULStore.jsm, line 66: Error: Can't find profile directory.
console.error: SearchCache: "_readCacheFile: Error reading cache file:" (new Error("", "(unknown module)"))
1601391585124	Marionette	INFO	Listening on port 52229
1601391585615	Marionette	WARN	TLS certificate errors will be ignored for this session
1601391822633	Marionette	INFO	Stopped listening on port 52229

###!!! [Child][RunMessage] Error: Channel closing: too late to send/recv, messages will be lost


###!!! [Child][MessageChannel::SendAndWait] Error: Channel error: cannot send/recv

/modules/XULStore.jsm, line 66: Error: Can't find profile directory.
console.error: SearchCache: "_readCacheFile: Error reading cache file:" (new Error("", "(unknown module)"))
1601391623401	Marionette	INFO	Listening on port 52319
1601391623861	Marionette	WARN	TLS certificate errors will be ignored for this session
console.error: (new TypeError("parent is null", "resource://devtools/client/inspector/shared/style-change-tracker.js", 67))
TypeError: parent is null: canMutationImpactCurrentStyles@resource://devtools/client/inspector/shared/style-change-tracker.js:67:24
onMutations@resource://devtools/client/inspector/shared/style-change-tracker.js:84:41
_emit@resource://devtools/shared/event-emitter.js:226:34
emit@resource://devtools/shared/event-emitter.js:172:18
emit@resource://devtools/shared/event-emitter.js:324:18
getMutations@resource://devtools/client/fronts/walker.js:406:10

console.error: "Error while calling actor 'pagestyle's method 'getLayout'" "node is null"
console.error: "getLayout@resource://devtools/server/actors/styles.js:1012:5\nhandler@resource://devtools/shared/protocol/Actor.js:162:37\nonPacket@resource://devtools/server/devtools-server-connection.js:379:58\nreceiveMessage@resource://devtools/shared/transport/child-transport.js:66:16\n"
console.error: (new Error("Protocol error (TypeError): node is null from: server0.conn0.child2/pagestyle26 (resource://devtools/server/actors/styles.js:1012:5)", "resource://devtools/shared/protocol/Front.js", 323))
console.error: (new TypeError("parent is null", "resource://devtools/client/inspector/shared/style-change-tracker.js", 67))
TypeError: parent is null: canMutationImpactCurrentStyles@resource://devtools/client/inspector/shared/style-change-tracker.js:67:24
onMutations@resource://devtools/client/inspector/shared/style-change-tracker.js:84:41
_emit@resource://devtools/shared/event-emitter.js:226:34
emit@resource://devtools/shared/event-emitter.js:172:18
emit@resource://devtools/shared/event-emitter.js:324:18
getMutations@resource://devtools/client/fronts/walker.js:406:10

console.error: "Error while calling actor 'pagestyle's method 'getLayout'" "node is null"
console.error: "getLayout@resource://devtools/server/actors/styles.js:1012:5\nhandler@resource://devtools/shared/protocol/Actor.js:162:37\nonPacket@resource://devtools/server/devtools-server-connection.js:379:58\nreceiveMessage@resource://devtools/shared/transport/child-transport.js:66:16\n"
console.error: (new Error("Protocol error (TypeError): node is null from: server0.conn0.child2/pagestyle26 (resource://devtools/server/actors/styles.js:1012:5)", "resource://devtools/shared/protocol/Front.js", 323))
1601391819271	Marionette	INFO	Stopped listening on port 52319

###!!! [Child][RunMessage] Error: Channel closing: too late to send/recv, messages will be lost


###!!! [Child][MessageChannel::SendAndWait] Error: Channel error: cannot send/recv

/modules/XULStore.jsm, line 66: Error: Can't find profile directory.
console.error: SearchCache: "_readCacheFile: Error reading cache file:" (new Error("", "(unknown module)"))
1601391732572	Marionette	INFO	Listening on port 52404
1601391732599	Marionette	WARN	TLS certificate errors will be ignored for this session

###!!! [Child][RunMessage] Error: Channel closing: too late to send/recv, messages will be lost


###!!! [Child][RunMessage] Error: Channel closing: too late to send/recv, messages will be lost


###!!! [Child][RunMessage] Error: Channel closing: too late to send/recv, messages will be lost

1601391743728	Marionette	INFO	Stopped listening on port 52404

###!!! [Child][RunMessage] Error: Channel closing: too late to send/recv, messages will be lost


###!!! [Child][MessageChannel::SendAndWait] Error: Channel error: cannot send/recv

1601391750371	mozrunner::runner	INFO	Running command: "C:\\Program Files\\Mozilla Firefox\\firefox.exe" "-marionette" "-foreground" "-no-remote" "-profile" "C:\\Users\\admin\\AppData\\Local\\Temp\\rust_mozprofileFram3u"
JavaScript error: resource://gre/modules/XULStore.jsm, line 66: Error: Can't find profile directory.
console.error: SearchCache: "_readCacheFile: Error reading cache file:" (new Error("", "(unknown module)"))
1601391752491	Marionette	INFO	Listening on port 52485
1601391752979	Marionette	WARN	TLS certificate errors will be ignored for this session
1601391818458	Marionette	INFO	Stopped listening on port 52485

###!!! [Child][MessageChannel::SendAndWait] Error: Channel error: cannot send/recv

1601391822011	mozrunner::runner	INFO	Running command: "C:\\Program Files\\Mozilla Firefox\\firefox.exe" "-marionette" "-foreground" "-no-remote" "-profile" "C:\\Users\\admin\\AppData\\Local\\Temp\\rust_mozprofile44m5WP"
JavaScript error: resource://gre/modules/XULStore.jsm, line 66: Error: Can't find profile directory.
console.error: SearchCache: "_readCacheFile: Error reading cache file:" (new Error("", "(unknown module)"))
1601391824407	Marionette	INFO	Listening on port 52580
1601391824620	Marionette	WARN	TLS certificate errors will be ignored for this session
1601391923000	Marionette	INFO	Stopped listening on port 52580

###!!! [Child][RunMessage] Error: Channel closing: too late to send/recv, messages will be lost


###!!! [Child][MessageChannel::SendAndWait] Error: Channel error: cannot send/recv

/modules/XULStore.jsm, line 66: Error: Can't find profile directory.
console.error: SearchCache: "_readCacheFile: Error reading cache file:" (new Error("", "(unknown module)"))
1601391922773	Marionette	INFO	Listening on port 52717
1601391923111	Marionette	WARN	TLS certificate errors will be ignored for this session
1601392056098	Marionette	INFO	Stopped listening on port 52717

###!!! [Child][RunMessage] Error: Channel closing: too late to send/recv, messages will be lost


###!!! [Child][MessageChannel::SendAndWait] Error: Channel error: cannot send/recv

/modules/XULStore.jsm, line 66: Error: Can't find profile directory.
console.error: SearchCache: "_readCacheFile: Error reading cache file:" (new Error("", "(unknown module)"))
1601391985545	Marionette	INFO	Listening on port 52802
1601391985859	Marionette	WARN	TLS certificate errors will be ignored for this session

###!!! [Parent][MessageChannel] Error: (msgtype=0x1D0011,name=PBackgroundStorage::Msg_Observe) Channel error: cannot send/recv

1601392055209	Marionette	INFO	Stopped listening on port 52802

###!!! [Child][RunMessage] Error: Channel closing: too late to send/recv, messages will be lost


###!!! [Child][MessageChannel::SendAndWait] Error: Channel error: cannot send/recv

he file:" (new Error("", "(unknown module)"))
1601392024248	Marionette	INFO	Listening on port 52882
1601392024688	Marionette	WARN	TLS certificate errors will be ignored for this session
JavaScript error: resource://gre/modules/URIFixup.jsm, line 271: NS_ERROR_FAILURE: Should pass a non-null uri
1601393864887	Marionette	INFO	Stopped listening on port 52882

###!!! [Child][RunMessage] Error: Channel closing: too late to send/recv, messages will be lost


###!!! [Child][MessageChannel::SendAndWait] Error: Channel error: cannot send/recv

1601393947818	mozrunner::runner	INFO	Running command: "C:\\Program Files\\Mozilla Firefox\\firefox.exe" "-marionette" "-foreground" "-no-remote" "-profile" "C:\\Users\\admin\\AppData\\Local\\Temp\\rust_mozprofile2eLeNJ"
JavaScript error: resource://gre/modules/XULStore.jsm, line 66: Error: Can't find profile directory.
console.error: SearchCache: "_readCacheFile: Error reading cache file:" (new Error("", "(unknown module)"))
1601393949914	Marionette	INFO	Listening on port 53141
1601393949934	Marionette	WARN	TLS certificate errors will be ignored for this session

###!!! [Child][RunMessage] Error: Channel closing: too late to send/recv, messages will be lost

1601394006870	Marionette	INFO	Stopped listening on port 53141

###!!! [Child][RunMessage] Error: Channel closing: too late to send/recv, messages will be lost


###!!! [Child][MessageChannel::SendAndWait] Error: Channel error: cannot send/recv

eadCacheFile: Error reading cache file:" (new Error("", "(unknown module)"))
1601394002936	Marionette	INFO	Listening on port 53231
1601394003387	Marionette	WARN	TLS certificate errors will be ignored for this session
1601394074711	Marionette	INFO	Stopped listening on port 53231

###!!! [Child][RunMessage] Error: Channel closing: too late to send/recv, messages will be lost


###!!! [Child][MessageChannel::SendAndWait] Error: ChaJavaScript error: resource://gre/modules/XULStore.jsm, line 66: Error: Can't find profile directory.
console.error: SearchCache: "_readCacheFile: Error reading cache file:" (new Error("", "(unknown module)"))
1601394076900	Marionette	INFO	Listening on port 53312
1601394077370	Marionette	WARN	TLS certificate errors will be ignored for this session
1601394905492	Marionette	INFO	Stopped listening on port 53312

###!!! [Child][RunMessage] Error: Channel closing: too late to send/recv, messages will be lost


###!!! [Child][MessageChannel::SendAndWait] Error: Channel error: cannot send/recv

/modules/XULStore.jsm, line 66: Error: Can't find profile directory.
console.error: SearchCache: "_readCacheFile: Error reading cache file:" (new Error("", "(unknown module)"))
1601394189478	Marionette	INFO	Listening on port 53399
1601394189545	Marionette	WARN	TLS certificate errors will be ignored for this session
1601394906366	Marionette	INFO	Stopped listening on port 53399

###!!! [Child][RunMessage] Error: Channel closing: too late to send/recv, messages will be lost


###!!! [Child][MessageChannel::SendAndWait] Error: Channel error: cannot send/recv

/modules/XULStore.jsm, line 66: Error: Can't find profile directory.
console.error: SearchCache: "_readCacheFile: Error reading cache file:" (new Error("", "(unknown module)"))
1601394494799	Marionette	INFO	Listening on port 53495
1601394494862	Marionette	WARN	TLS certificate errors will be ignored for this session

###!!! [Child][RunMessage] Error: Channel closing: too late to send/recv, messages will be lost

1601394916930	Marionette	INFO	Stopped listening on port 53495

###!!! [Child][RunMessage] Error: Channel closing: too late to send/recv, messages will be lost


###!!! [Child][MessageChannel::SendAndWait] Error: Channel error: cannot send/recv

1601438631300	mozrunner::runner	INFO	Running command: "C:\\Program Files\\Mozilla Firefox\\firefox.exe" "-marionette" "-foreground" "-no-remote" "-profile" "C:\\Users\\admin\\AppData\\Local\\Temp\\rust_mozprofileFRHnpi"
JavaScript error: resource://gre/modules/XULStore.jsm, line 66: Error: Can't find profile directory.
console.error: SearchCache: "_readCacheFile: Error reading cache file:" (new Error("", "(unknown module)"))
1601438634253	Marionette	INFO	Listening on port 51625
1601438634422	Marionette	WARN	TLS certificate errors will be ignored for this session
1601438672516	mozrunner::runner	INFO	Running command: "C:\\Program Files\\Mozilla Firefox\\firefox.exe" "-marionette" "-foreground" "-no-remote" "-profile" "C:\\Users\\admin\\AppData\\Local\\Temp\\rust_mozprofileMObSw4"
JavaScript error: resource://gre/modules/XULStore.jsm, line 66: Error: Can't find profile directory.
console.error: SearchCache: "_readCacheFile: Error reading cache file:" (new Error("", "(unknown module)"))
1601438674878	Marionette	INFO	Listening on port 51721
1601438675132	Marionette	WARN	TLS certificate errors will be ignored for this session
1601438719077	mozrunner::runner	INFO	Running command: "C:\\Program Files\\Mozilla Firefox\\firefox.exe" "-marionette" "-foreground" "-no-remote" "-profile" "C:\\Users\\admin\\AppData\\Local\\Temp\\rust_mozprofileZcrdRP"
JavaScript error: resource://gre/modules/XULStore.jsm, line 66: Error: Can't find profile directory.
console.error: SearchCache: "_readCacheFile: Error reading cache file:" (new Error("", "(unknown module)"))
1601438721330	Marionette	INFO	Listening on port 51805
1601438721690	Marionette	WARN	TLS certificate errors will be ignored for this session
1601438818128	Marionette	INFO	Stopped listening on port 51805

###!!! [Child][RunMessage] Error: Channel closing: too late to send/recv, messages will be lost


###!!! [Child][MessageChannel::SendAndWait] Error: Channel error: cannot send/recv

/modules/XULStore.jsm, line 66: Error: Can't find profile directory.
1601438818939	mozrunner::runner	INFO	Running command: "C:\\Program Files\\Mozilla Firefox\\firefox.exe" "-marionette" "-foreground" "-no-remote" "-profile" "C:\\Users\\admin\\AppData\\Local\\Temp\\rust_mozprofileen9CvM"
JavaScript error: resource://gre/modules/XULStore.jsm, line 66: Error: Can't find profile directory.
console.error: SearchCache: "_readCacheFile: Error reading cache file:" (new Error("", "(unknown module)"))
1601438821307	Marionette	INFO	Listening on port 51906
1601438821560	Marionette	WARN	TLS certificate errors will be ignored for this session

###!!! [Child][RunMessage] Error: Channel closing: too late to send/recv, messages will be lost

1601438920122	Marionette	INFO	Stopped listening on port 51906

###!!! [Child][RunMessage] Error: Channel closing: too late to send/recv, messages will be lost


###!!! [Child][MessageChannel::SendAndWait] Error: Channel error: cannot send/recv

eadCacheFile: Error reading cache file:" (new Error("", "(unknown module)"))
1601438919482	Marionette	INFO	Listening on port 51988
1601438919778	Marionette	WARN	TLS certificate errors will be ignored for this session
1601438949320	mozrunner::runner	INFO	Running command: "C:\\Program Files\\Mozilla Firefox\\firefox.exe" "-marionette" "-foreground" "-no-remote" "-profile" "C:\\Users\\admin\\AppData\\Local\\Temp\\rust_mozprofileUKSKYo"
JavaScript error: resource://gre/modules/XULStore.jsm, line 66: Error: Can't find profile directory.
console.error: SearchCache: "_readCacheFile: Error reading cache file:" (new Error("", "(unknown module)"))
1601438951623	Marionette	INFO	Listening on port 52062
1601438951947	Marionette	WARN	TLS certificate errors will be ignored for this session
1601439056964	Marionette	WARN	TimedPromise timed out after 500 ms: stacktrace:
TimedPromise/<@chrome://marionette/content/sync.js:245:13
TimedPromise@chrome://marionette/content/sync.js:230:10
interaction.flushEventLoop@chrome://marionette/content/interaction.js:416:10
webdriverClickElement@chrome://marionette/content/interaction.js:182:31
1601440355685	Marionette	INFO	Stopped listening on port 52062

###!!! [Child][RunMessage] Error: Channel closing: too late to send/recv, messages will be lost


###!!! [Child][MessageChannel::SendAndWait] Error: Channel error: cannot send/recv

/modules/XULStore.jsm, line 66: Error: Can't find profile directory.
console.error: SearchCache: "_readCacheFile: Error reading cache file:" (new Error("", "(unknown module)"))
1601439186808	Marionette	INFO	Listening on port 52170
1601439187145	Marionette	WARN	TLS certificate errors will be ignored for this session
1601440350706	mozrunner::runner	INFO	Running command: "C:\\Program Files\\Mozilla Firefox\\firefox.exe" "-marionette" "-foreground" "-no-remote" "-profile" "C:\\Users\\admin\\AppData\\Local\\Temp\\rust_mozprofileudGmMq"
JavaScript error: resource://gre/modules/XULStore.jsm, line 66: Error: Can't find profile directory.
console.error: SearchCache: "_readCacheFile: Error reading cache file:" (new Error("", "(unknown module)"))
1601440353178	Marionette	INFO	Listening on port 52719
1601440353316	Marionette	WARN	TLS certificate errors will be ignored for this session
1601440475782	mozrunner::runner	INFO	Running command: "C:\\Program Files\\Mozilla Firefox\\firefox.exe" "-marionette" "-foreground" "-no-remote" "-profile" "C:\\Users\\admin\\AppData\\Local\\Temp\\rust_mozprofilefg9pOu"
JavaScript error: resource://gre/modules/XULStore.jsm, line 66: Error: Can't find profile directory.
console.error: SearchCache: "_readCacheFile: Error reading cache file:" (new Error("", "(unknown module)"))
1601440477866	Marionette	INFO	Listening on port 52812
1601440477895	Marionette	WARN	TLS certificate errors will be ignored for this session
1601440730046	Marionette	INFO	Stopped listening on port 52812

###!!! [Child][RunMessage] Error: Channel closing: too late to send/recv, messages will be lost


###!!! [Child][MessageChannel::SendAndWait] Error: Channel error: cannot send/recv

/modules/XULStore.jsm, line 66: Error: Can't find profile directory.
console.error: SearchCache: "_readCacheFile: Error reading cache file:" (new Error("", "(unknown module)"))
1601440725590	Marionette	INFO	Listening on port 52899
1601440725637	Marionette	WARN	TLS certificate errors will be ignored for this session
1601441032561	Marionette	INFO	Stopped listening on port 52899

###!!! [Child][RunMessage] Error: Channel closing: too late to send/recv, messages will be lost


###!!! [Child][MessageChannel::SendAndWait] Error: Channel error: cannot send/recv

/modules/XULStore.jsm, line 66: Error: Can't find profile directory.
console.error: SearchCache: "_readCacheFile: Error reading cache file:" (new Error("", "(unknown module)"))
1601440932022	Marionette	INFO	Listening on port 52992
1601440932424	Marionette	WARN	TLS certificate errors will be ignored for this session
1601441033909	Marionette	INFO	Stopped listening on port 52992

###!!! [Child][RunMessage] Error: Channel closing: too late to send/recv, messages will be lost


###!!! [Child][MessageChannel::SendAndWait] Error: Channel error: cannot send/recv

/modules/XULStore.jsm, line 66: Error: Can't find profile directory.
console.error: SearchCache: "_readCacheFile: Error reading cache file:" (new Error("", "(unknown module)"))
1601441027168	Marionette	INFO	Listening on port 53078
1601441027560	Marionette	WARN	TLS certificate errors will be ignored for this session
1601441141978	mozrunner::runner	INFO	Running command: "C:\\Program Files\\Mozilla Firefox\\firefox.exe" "-marionette" "-foreground" "-no-remote" "-profile" "C:\\Users\\admin\\AppData\\Local\\Temp\\rust_mozprofileEIUjUL"
JavaScript error: resource://gre/modules/XULStore.jsm, line 66: Error: Can't find profile directory.
console.error: SearchCache: "_readCacheFile: Error reading cache file:" (new Error("", "(unknown module)"))
1601441144222	Marionette	INFO	Listening on port 53175
1601441144599	Marionette	WARN	TLS certificate errors will be ignored for this session
1601441274517	Marionette	INFO	Stopped listening on port 53175

###!!! [Child][MessageChannel::SendAndWait] Error: Channel error: cannot send/recv

ile" "C:\\Users\\admin\\AppData\\Local\\Temp\\rust_mozprofileLfeFTX"
JavaScript error: resource://gre/modules/XULStore.jsm, line 66: Error: Can't find profile directory.
console.error: SearchCache: "_readCacheFile: Error reading cache file:" (new Error("", "(unknown module)"))
1601441271726	Marionette	INFO	Listening on port 53302
1601441271739	Marionette	WARN	TLS certificate errors will be ignored for this session
1601441396509	Marionette	INFO	Stopped listening on port 53302

###!!! [Child][RunMessage] Error: Channel closing: too late to send/recv, messages will be lost


###!!! [Child][MessageChannel::SendAndWait] Error: Channel error: cannot send/recv

1601441401369	mozrunner::runner	INFO	Running command: "C:\\Program Files\\Mozilla Firefox\\firefox.exe" "-marionette" "-foreground" "-no-remote" "-profile" "C:\\Users\\admin\\AppData\\Local\\Temp\\rust_mozprofilet5iv0z"
JavaScript error: resource://gre/modules/XULStore.jsm, line 66: Error: Can't find profile directory.
console.error: SearchCache: "_readCacheFile: Error reading cache file:" (new Error("", "(unknown module)"))
1601441403418	Marionette	INFO	Listening on port 53393
1601441403478	Marionette	WARN	TLS certificate errors will be ignored for this session
1601441416736	mozrunner::runner	INFO	Running command: "C:\\Program Files\\Mozilla Firefox\\firefox.exe" "-marionette" "-foreground" "-no-remote" "-profile" "C:\\Users\\admin\\AppData\\Local\\Temp\\rust_mozprofileqtSpJi"
JavaScript error: resource://gre/modules/XULStore.jsm, line 66: Error: Can't find profile directory.
console.error: SearchCache: "_readCacheFile: Error reading cache file:" (new Error("", "(unknown module)"))
1601441418991	Marionette	INFO	Listening on port 53437
1601441419345	Marionette	WARN	TLS certificate errors will be ignored for this session
1601441511147	Marionette	INFO	Stopped listening on port 53437

###!!! [Child][RunMessage] Error: Channel closing: too late to send/recv, messages will be lost


###!!! [Child][MessageChannel::SendAndWait] Error: Channel error: cannot send/recv

/modules/XULStore.jsm, line 66: Error: Can't find profile directory.
console.error: SearchCache: "_readCacheFile: Error reading cache file:" (new Error("", "(unknown module)"))
1601441501856	Marionette	INFO	Listening on port 53533
1601441502302	Marionette	WARN	TLS certificate errors will be ignored for this session
1601441850994	mozrunner::runner	INFO	Running command: "C:\\Program Files\\Mozilla Firefox\\firefox.exe" "-marionette" "-foreground" "-no-remote" "-profile" "C:\\Users\\admin\\AppData\\Local\\Temp\\rust_mozprofile9A9rTZ"
JavaScript error: resource://gre/modules/XULStore.jsm, line 66: Error: Can't find profile directory.
console.error: SearchCache: "_readCacheFile: Error reading cache file:" (new Error("", "(unknown module)"))
1601441853114	Marionette	INFO	Listening on port 53647
1601441853607	Marionette	WARN	TLS certificate errors will be ignored for this session
1601445426407	Marionette	INFO	Stopped listening on port 53647

###!!! [Child][MessageChannel::SendAndWait] Error: Channel error: cannot send/recv

1602334567489	mozrunner::runner	INFO	Running command: "C:\\Program Files\\Mozilla Firefox\\firefox.exe" "-marionette" "-foreground" "-no-remote" "-profile" "C:\\Users\\admin\\AppData\\Local\\Temp\\rust_mozprofile5WKNUE"
JavaScript error: resource://gre/modules/XULStore.jsm, line 66: Error: Can't find profile directory.
console.error: SearchCache: "_readCacheFile: Error reading cache file:" (new Error("", "(unknown module)"))
1602334570409	Marionette	INFO	Listening on port 50271
1602334570600	Marionette	WARN	TLS certificate errors will be ignored for this session
1603341748139	mozrunner::runner	INFO	Running command: "C:\\Program Files\\Mozilla Firefox\\firefox.exe" "-marionette" "-foreground" "-no-remote" "-profile" "C:\\Users\\admin\\AppData\\Local\\Temp\\rust_mozprofileqB9asG"
JavaScript error: resource://gre/modules/XULStore.jsm, line 66: Error: Can't find profile directory.
console.error: SearchCache: "_readCacheFile: Error reading cache file:" (new Error("", "(unknown module)"))
1603341751270	Marionette	INFO	Listening on port 52078
1603341751760	Marionette	WARN	TLS certificate errors will be ignored for this session

###!!! [Child][RunMessage] Error: Channel closing: too late to send/recv, messages will be lost

1603341786068	Marionette	INFO	Stopped listening on port 52078

###!!! [Child][RunMessage] Error: Channel closing: too late to send/recv, messages will be lost


###!!! [Child][MessageChannel::SendAndWait] Error: Channel error: cannot send/recv

